<?xml version="1.0" encoding="UTF-8"?>
<testng-results ignored="0" total="1" passed="1" failed="0" skipped="0">
  <reporter-output>
  </reporter-output>
  <suite started-at="2023-01-08T11:28:47 IST" name="Suite" finished-at="2023-01-08T11:28:47 IST" duration-ms="53">
    <groups>
    </groups>
    <test started-at="2023-01-08T11:28:47 IST" name="Test" finished-at="2023-01-08T11:28:47 IST" duration-ms="53">
      <class name="xmlparameyrization.PracticeTest">
        <test-method signature="demoTest(org.testng.xml.XmlTest)[pri:0, instance:xmlparameyrization.PracticeTest@595b007d]" started-at="2023-01-08T11:28:47 IST" name="demoTest" finished-at="2023-01-08T11:28:47 IST" duration-ms="9" status="PASS">
          <params>
            <param index="0">
              <value>
                <![CDATA[org.testng.xml.XmlTest@7fefd8dc]]>
              </value>
            </param>
          </params>
          <reporter-output>
          </reporter-output>
        </test-method> <!-- demoTest -->
      </class> <!-- xmlparameyrization.PracticeTest -->
    </test> <!-- Test -->
  </suite> <!-- Suite -->
</testng-results>
